<?xml version="1.0" encoding="UTF-8"?>
<!-- Generated by org.testng.reporters.JUnitReportReporter -->
<testsuite skipped="0" hostname="BDC6-DX-6DX5NK2" name="PomWithPagefactory.TestClass" tests="1" failures="0" timestamp="25 Sep 2019 06:07:06 GMT" time="25.234" errors="0">
  <testcase name="f" time="25.234" classname="PomWithPagefactory.TestClass"/>
</testsuite> <!-- PomWithPagefactory.TestClass -->
